INFO	2024/06/03 07:51:27 Starting server on :4000
INFO	2024/06/03 07:51:57 Starting server on :4000
INFO	2024/06/03 07:53:22 Starting server on :4000
INFO	2024/06/03 07:54:03 Starting server on :4000
INFO	2024/06/03 07:54:29 Starting server on :4000
INFO	2024/06/04 04:45:51 Starting server on :4000
INFO	2024/06/04 04:58:30 Starting server on :4000
INFO	2024/06/04 04:59:28 Starting server on :4000
INFO	2024/06/04 06:00:31 Starting server on :4000
INFO	2024/06/04 06:07:29 Starting server on :4000
INFO	2024/06/04 07:07:33 Starting server on :4000
INFO	2024/06/04 09:01:19 Starting server on :4000
INFO	2024/06/04 09:02:11 Starting server on :4000
INFO	2024/06/04 09:03:52 Starting server on :4000
INFO	2024/06/04 09:05:44 Starting server on :4000
INFO	2024/06/04 09:08:55 Starting server on :4000
INFO	2024/06/04 09:10:21 Starting server on :4000
INFO	2024/06/04 09:15:41 Starting server on :4000
INFO	2024/06/04 09:26:42 Starting server on :4000
INFO	2024/06/04 09:31:12 Starting server on :4000
INFO	2024/06/04 09:32:21 Starting server on :4000
INFO	2024/06/04 09:53:25 Starting server on :4000
INFO	2024/06/04 10:16:48 Starting server on :4000
INFO	2024/06/04 10:17:34 Starting server on :4000
INFO	2024/06/04 10:18:59 Starting server on :4000
INFO	2024/06/04 10:25:09 Starting server on :4000
INFO	2024/06/04 10:25:31 Starting server on :4000
INFO	2024/06/04 10:37:40 Starting server on :4000
INFO	2024/06/04 10:38:56 Starting server on :4000
INFO	2024/06/04 10:42:13 Starting server on :4000
INFO	2024/06/04 10:44:28 Starting server on :4000
INFO	2024/06/04 10:52:12 Starting server on :4000
INFO	2024/06/04 12:18:18 Starting server on :4000
INFO	2024/06/04 12:19:27 Starting server on :4000
INFO	2024/06/04 12:23:05 Starting server on :4000
INFO	2024/06/04 12:28:58 Starting server on :4000
INFO	2024/06/05 04:25:36 Starting server on :4000
INFO	2024/06/05 04:49:33 Starting server on :4000
INFO	2024/06/05 04:53:44 Starting server on :4000
INFO	2024/06/05 05:04:16 Starting server on :4000
INFO	2024/06/05 05:04:29 [::1]:63292 - HTTP/1.1 GET /
INFO	2024/06/05 05:04:55 [::1]:63292 - HTTP/1.1 POST /addtask
INFO	2024/06/05 05:04:55 [::1]:63292 - HTTP/1.1 GET /
INFO	2024/06/05 05:05:17 [::1]:63292 - HTTP/1.1 POST /updatetask
INFO	2024/06/05 05:05:17 [::1]:63292 - HTTP/1.1 GET /
INFO	2024/06/05 05:07:18 Starting server on :4000
INFO	2024/06/05 05:07:28 [::1]:63346 - HTTP/1.1 POST /addtask
INFO	2024/06/05 05:07:28 [::1]:63346 - HTTP/1.1 GET /
INFO	2024/06/05 05:09:08 Starting server on :4000
INFO	2024/06/05 05:09:22 [::1]:63435 - HTTP/1.1 POST /addtask
INFO	2024/06/05 05:09:22 [::1]:63435 - HTTP/1.1 GET /
INFO	2024/06/05 05:31:17 [::1]:64003 - HTTP/1.1 HEAD /
INFO	2024/06/05 05:42:04 Starting server on :4000
INFO	2024/06/05 05:42:26 [::1]:64098 - HTTP/1.1 GET /
INFO	2024/06/05 05:42:30 [::1]:64098 - HTTP/1.1 GET /
INFO	2024/06/05 05:42:38 [::1]:64098 - HTTP/1.1 GET /
INFO	2024/06/05 05:42:42 [::1]:64098 - HTTP/1.1 POST /addtask
INFO	2024/06/05 05:42:42 [::1]:64098 - HTTP/1.1 GET /
INFO	2024/06/05 05:43:40 [::1]:64112 - HTTP/1.1 HEAD /
INFO	2024/06/05 05:48:02 [::1]:64171 - HTTP/1.1 GET /
INFO	2024/06/05 05:49:45 Starting server on :4000
INFO	2024/06/05 05:50:00 [::1]:64194 - HTTP/1.1 GET 
INFO	2024/06/05 05:50:05 [::1]:64194 - HTTP/1.1 POST 
INFO	2024/06/05 05:50:05 [::1]:64194 - HTTP/1.1 GET 
INFO	2024/06/05 05:50:44 Starting server on :4000
INFO	2024/06/05 05:50:55 [::1]:64206 - HTTP/1.1 POST /addtask
INFO	2024/06/05 05:50:55 [::1]:64206 - HTTP/1.1 GET /
INFO	2024/06/05 06:18:56 Starting server on :4000
INFO	2024/06/05 06:19:22 [::1]:64449 - HTTP/1.1 POST /addtask
INFO	2024/06/05 06:19:22 [::1]:64449 - HTTP/1.1 GET /
INFO	2024/06/05 06:20:13 Starting server on :4000
INFO	2024/06/05 06:20:22 [::1]:64463 - HTTP/1.1 POST /addtask
INFO	2024/06/05 06:20:22 [::1]:64463 - HTTP/1.1 GET /
INFO	2024/06/05 06:20:50 [::1]:64463 - HTTP/1.1 GET /
INFO	2024/06/05 06:21:05 Starting server on :4000
INFO	2024/06/05 06:21:13 [::1]:64477 - HTTP/1.1 GET /
INFO	2024/06/05 06:24:23 [::1]:64477 - HTTP/1.1 GET /
INFO	2024/06/05 06:30:39 Starting server on :4000
INFO	2024/06/05 06:30:53 [::1]:64574 - HTTP/1.1 GET /
INFO	2024/06/05 06:31:16 [::1]:64574 - HTTP/1.1 GET /
INFO	2024/06/05 07:21:15 Starting server on :4000
INFO	2024/06/05 07:21:24 [::1]:65238 - HTTP/1.1 GET /
INFO	2024/06/05 07:22:03 Starting server on :4000
INFO	2024/06/05 07:22:04 [::1]:65244 - HTTP/1.1 GET /
INFO	2024/06/05 07:22:12 [::1]:65244 - HTTP/1.1 POST /addtask
INFO	2024/06/05 07:22:12 [::1]:65244 - HTTP/1.1 GET /
INFO	2024/06/05 07:40:54 Starting server on :4000
INFO	2024/06/05 07:41:03 [::1]:65353 - HTTP/1.1 GET /
INFO	2024/06/05 07:42:21 Starting server on :4000
INFO	2024/06/05 07:42:29 [::1]:65362 - HTTP/1.1 GET /
INFO	2024/06/05 09:19:26 [::1]:49730 - HTTP/1.1 GET /
INFO	2024/06/05 09:19:29 [::1]:49730 - HTTP/1.1 POST /deletetask
INFO	2024/06/05 09:19:29 [::1]:49730 - HTTP/1.1 GET /
INFO	2024/06/05 09:24:49 [::1]:49821 - HTTP/1.1 GET /
INFO	2024/06/05 09:25:33 Starting server on :4000
INFO	2024/06/05 09:25:39 [::1]:49832 - HTTP/1.1 GET /
INFO	2024/06/05 09:25:40 [::1]:49832 - HTTP/1.1 GET /
INFO	2024/06/05 09:35:46 Starting server on :4000
INFO	2024/06/05 09:37:28 [::1]:49883 - HTTP/1.1 GET /
INFO	2024/06/05 10:13:22 Starting server on :4000
INFO	2024/06/05 10:13:33 [::1]:50048 - HTTP/1.1 GET /
INFO	2024/06/05 10:15:04 Starting server on :4000
INFO	2024/06/05 10:15:12 [::1]:50068 - HTTP/1.1 GET /
INFO	2024/06/05 10:21:38 Starting server on :4000
INFO	2024/06/05 10:22:02 [::1]:50199 - HTTP/1.1 GET /
INFO	2024/06/05 10:22:04 [::1]:50199 - HTTP/1.1 POST /updatetask
INFO	2024/06/05 10:22:05 [::1]:50199 - HTTP/1.1 GET /
INFO	2024/06/05 10:22:06 [::1]:50199 - HTTP/1.1 POST /deletetask
INFO	2024/06/05 10:22:06 [::1]:50199 - HTTP/1.1 GET /
INFO	2024/06/05 10:22:07 [::1]:50199 - HTTP/1.1 POST /deletetask
INFO	2024/06/05 10:22:07 [::1]:50199 - HTTP/1.1 GET /
INFO	2024/06/05 11:10:35 Starting server on :4000
INFO	2024/06/05 11:10:42 [::1]:50754 - HTTP/1.1 GET /
INFO	2024/06/05 11:10:46 [::1]:50754 - HTTP/1.1 POST /addtask
INFO	2024/06/05 11:10:46 [::1]:50754 - HTTP/1.1 GET /
INFO	2024/06/05 11:28:54 [::1]:51058 - HTTP/1.1 POST /deletetask
INFO	2024/06/05 11:29:25 Starting server on :4000
INFO	2024/06/05 11:29:33 [::1]:51069 - HTTP/1.1 POST /deletetask
INFO	2024/06/05 11:29:37 [::1]:51069 - HTTP/1.1 GET /
INFO	2024/06/05 11:29:39 [::1]:51069 - HTTP/1.1 POST /deletetask
INFO	2024/06/05 11:30:00 [::1]:51069 - HTTP/1.1 POST /deletetask
INFO	2024/06/05 11:30:29 Starting server on :4000
INFO	2024/06/05 11:30:41 [::1]:51107 - HTTP/1.1 GET /
INFO	2024/06/05 11:30:52 [::1]:51107 - HTTP/1.1 POST /deletetask
INFO	2024/06/05 11:30:52 [::1]:51107 - HTTP/1.1 GET /
INFO	2024/06/05 11:31:47 [::1]:51107 - HTTP/1.1 POST /updatetask
INFO	2024/06/05 11:31:47 [::1]:51107 - HTTP/1.1 GET /
INFO	2024/06/05 11:44:26 [::1]:51633 - HTTP/1.1 GET /
INFO	2024/06/05 11:44:43 [::1]:51633 - HTTP/1.1 POST /addtask
INFO	2024/06/05 11:44:43 [::1]:51633 - HTTP/1.1 GET /
INFO	2024/06/05 11:44:49 [::1]:51633 - HTTP/1.1 POST /deletetask
INFO	2024/06/05 11:44:49 [::1]:51633 - HTTP/1.1 GET /
INFO	2024/06/05 11:46:25 Starting server on :4000
INFO	2024/06/05 12:04:49 Starting server on :4000
INFO	2024/06/05 12:05:01 [::1]:52359 - HTTP/1.1 GET /
INFO	2024/06/05 12:05:05 [::1]:52359 - HTTP/1.1 POST /addtask
INFO	2024/06/05 12:05:05 [::1]:52359 - HTTP/1.1 GET /
INFO	2024/06/05 12:05:09 [::1]:52359 - HTTP/1.1 GET /
INFO	2024/06/05 12:05:11 [::1]:52359 - HTTP/1.1 POST /deletetask
INFO	2024/06/05 12:05:11 [::1]:52359 - HTTP/1.1 GET /
INFO	2024/06/05 12:07:13 Starting server on :4000
INFO	2024/06/05 12:07:23 [::1]:52384 - HTTP/1.1 GET /
INFO	2024/06/05 12:07:26 [::1]:52384 - HTTP/1.1 POST /addtask
INFO	2024/06/05 12:10:10 [::1]:52384 - HTTP/1.1 POST /addtask
INFO	2024/06/05 12:11:04 Starting server on :4000
INFO	2024/06/05 12:11:14 127.0.0.1:52428 - HTTP/1.1 GET /
INFO	2024/06/05 12:11:56 127.0.0.1:52428 - HTTP/1.1 POST /addtask
INFO	2024/06/05 12:12:11 127.0.0.1:52428 - HTTP/1.1 POST /addtask
INFO	2024/06/05 12:13:22 Starting server on :4000
INFO	2024/06/05 12:13:31 [::1]:52450 - HTTP/1.1 GET /
INFO	2024/06/05 12:13:36 [::1]:52450 - HTTP/1.1 POST /addtask
INFO	2024/06/05 12:13:36 [::1]:52450 - HTTP/1.1 GET /
INFO	2024/06/05 12:13:40 [::1]:52450 - HTTP/1.1 POST /deletetask
INFO	2024/06/05 12:13:40 [::1]:52450 - HTTP/1.1 GET /
INFO	2024/06/05 12:13:44 [::1]:52450 - HTTP/1.1 POST /deletetask
INFO	2024/06/05 12:13:44 [::1]:52450 - HTTP/1.1 GET /
INFO	2024/06/05 12:13:48 [::1]:52450 - HTTP/1.1 POST /deletetask
INFO	2024/06/05 12:13:48 [::1]:52450 - HTTP/1.1 GET /
INFO	2024/06/05 12:13:51 [::1]:52450 - HTTP/1.1 POST /deletetask
INFO	2024/06/05 12:13:51 [::1]:52450 - HTTP/1.1 GET /
INFO	2024/06/05 12:13:54 [::1]:52450 - HTTP/1.1 POST /deletetask
INFO	2024/06/05 12:13:54 [::1]:52450 - HTTP/1.1 GET /
INFO	2024/06/05 12:14:00 [::1]:52450 - HTTP/1.1 POST /addtask
INFO	2024/06/05 12:14:00 [::1]:52450 - HTTP/1.1 GET /
INFO	2024/06/05 12:14:05 [::1]:52450 - HTTP/1.1 GET /
INFO	2024/06/05 12:14:10 [::1]:52450 - HTTP/1.1 POST /addtask
INFO	2024/06/05 12:14:10 [::1]:52450 - HTTP/1.1 GET /
INFO	2024/06/05 12:14:12 [::1]:52450 - HTTP/1.1 POST /deletetask
INFO	2024/06/05 12:14:12 [::1]:52450 - HTTP/1.1 GET /
INFO	2024/06/05 12:14:15 [::1]:52450 - HTTP/1.1 POST /deletetask
INFO	2024/06/05 12:14:15 [::1]:52450 - HTTP/1.1 GET /
INFO	2024/06/05 12:14:35 Starting server on :4000
INFO	2024/06/05 12:14:43 [::1]:52459 - HTTP/1.1 GET /
INFO	2024/06/05 12:14:47 [::1]:52459 - HTTP/1.1 POST /addtask
INFO	2024/06/05 12:14:47 [::1]:52459 - HTTP/1.1 GET /
INFO	2024/06/05 12:14:55 [::1]:52459 - HTTP/1.1 POST /addtask
INFO	2024/06/05 12:14:55 [::1]:52459 - HTTP/1.1 GET /
INFO	2024/06/05 12:17:24 Starting server on :4000
INFO	2024/06/05 12:17:42 [::1]:52472 - HTTP/1.1 GET /
INFO	2024/06/05 12:17:46 [::1]:52472 - HTTP/1.1 POST /deletetask
INFO	2024/06/05 12:17:46 [::1]:52472 - HTTP/1.1 GET /
INFO	2024/06/05 12:17:48 [::1]:52472 - HTTP/1.1 POST /deletetask
INFO	2024/06/05 12:17:48 [::1]:52472 - HTTP/1.1 GET /
INFO	2024/06/05 12:17:52 [::1]:52472 - HTTP/1.1 POST /addtask
INFO	2024/06/05 12:17:52 [::1]:52472 - HTTP/1.1 GET /
INFO	2024/06/05 12:19:22 [::1]:52472 - HTTP/1.1 POST /addtask
INFO	2024/06/05 12:19:22 [::1]:52472 - HTTP/1.1 GET /
INFO	2024/06/05 12:19:26 [::1]:52472 - HTTP/1.1 POST /deletetask
INFO	2024/06/05 12:19:26 [::1]:52472 - HTTP/1.1 GET /
INFO	2024/06/05 12:19:27 [::1]:52472 - HTTP/1.1 POST /deletetask
INFO	2024/06/05 12:19:27 [::1]:52472 - HTTP/1.1 GET /
INFO	2024/06/05 12:19:28 [::1]:52472 - HTTP/1.1 POST /deletetask
INFO	2024/06/05 12:19:28 [::1]:52472 - HTTP/1.1 GET /
INFO	2024/06/05 12:19:28 [::1]:52472 - HTTP/1.1 POST /deletetask
INFO	2024/06/05 12:19:28 [::1]:52472 - HTTP/1.1 GET /
INFO	2024/06/05 12:19:28 [::1]:52472 - HTTP/1.1 POST /deletetask
INFO	2024/06/05 12:19:28 [::1]:52472 - HTTP/1.1 GET /
INFO	2024/06/05 12:19:29 [::1]:52472 - HTTP/1.1 POST /deletetask
INFO	2024/06/05 12:19:29 [::1]:52472 - HTTP/1.1 GET /
INFO	2024/06/05 12:19:29 [::1]:52472 - HTTP/1.1 POST /deletetask
INFO	2024/06/05 12:19:29 [::1]:52472 - HTTP/1.1 GET /
INFO	2024/06/05 12:19:29 [::1]:52472 - HTTP/1.1 POST /deletetask
INFO	2024/06/05 12:19:29 [::1]:52472 - HTTP/1.1 GET /
INFO	2024/06/05 12:19:30 [::1]:52472 - HTTP/1.1 POST /deletetask
INFO	2024/06/05 12:19:30 [::1]:52472 - HTTP/1.1 GET /
INFO	2024/06/05 12:19:31 [::1]:52472 - HTTP/1.1 POST /deletetask
INFO	2024/06/05 12:19:31 [::1]:52472 - HTTP/1.1 GET /
INFO	2024/06/05 12:19:33 [::1]:52472 - HTTP/1.1 POST /deletetask
INFO	2024/06/05 12:19:33 [::1]:52472 - HTTP/1.1 GET /
INFO	2024/06/05 12:19:36 [::1]:52472 - HTTP/1.1 POST /addtask
INFO	2024/06/05 12:19:36 [::1]:52472 - HTTP/1.1 GET /
INFO	2024/06/05 12:19:38 [::1]:52472 - HTTP/1.1 POST /addtask
INFO	2024/06/05 12:19:38 [::1]:52472 - HTTP/1.1 GET /
INFO	2024/06/05 12:22:54 Starting server on :4000
INFO	2024/06/05 12:23:01 [::1]:52500 - HTTP/1.1 GET /
INFO	2024/06/05 12:23:05 [::1]:52500 - HTTP/1.1 POST /addtask
INFO	2024/06/05 12:23:05 [::1]:52500 - HTTP/1.1 GET /
INFO	2024/06/05 12:23:08 [::1]:52500 - HTTP/1.1 POST /updatetask
INFO	2024/06/05 12:23:08 [::1]:52500 - HTTP/1.1 GET /
INFO	2024/06/05 12:23:50 [::1]:52500 - HTTP/1.1 POST /updatetask
INFO	2024/06/05 12:23:50 [::1]:52500 - HTTP/1.1 GET /
INFO	2024/06/05 12:23:53 [::1]:52500 - HTTP/1.1 POST /updatetask
INFO	2024/06/05 12:23:53 [::1]:52500 - HTTP/1.1 GET /
INFO	2024/06/05 12:24:02 [::1]:52500 - HTTP/1.1 POST /addtask
INFO	2024/06/05 12:24:02 [::1]:52500 - HTTP/1.1 GET /
INFO	2024/06/05 12:24:56 Starting server on :4000
INFO	2024/06/05 12:25:03 [::1]:52515 - HTTP/1.1 GET /
INFO	2024/06/05 12:25:06 [::1]:52515 - HTTP/1.1 POST /deletetask
INFO	2024/06/05 12:25:06 [::1]:52515 - HTTP/1.1 GET /
INFO	2024/06/05 12:25:08 [::1]:52515 - HTTP/1.1 POST /addtask
INFO	2024/06/05 12:25:08 [::1]:52515 - HTTP/1.1 GET /
INFO	2024/06/05 12:25:11 [::1]:52515 - HTTP/1.1 POST /updatetask
INFO	2024/06/05 12:25:11 [::1]:52515 - HTTP/1.1 GET /
INFO	2024/06/05 12:25:12 [::1]:52515 - HTTP/1.1 POST /updatetask
INFO	2024/06/05 12:25:12 [::1]:52515 - HTTP/1.1 GET /
INFO	2024/06/05 12:25:16 [::1]:52515 - HTTP/1.1 POST /updatetask
INFO	2024/06/05 12:25:16 [::1]:52515 - HTTP/1.1 GET /
INFO	2024/06/05 12:25:19 [::1]:52515 - HTTP/1.1 POST /updatetask
INFO	2024/06/05 12:25:19 [::1]:52515 - HTTP/1.1 GET /
INFO	2024/06/05 13:01:23 [::1]:52688 - HTTP/1.1 POST /addtask
INFO	2024/06/05 13:01:23 [::1]:52688 - HTTP/1.1 GET /
INFO	2024/06/05 13:01:29 [::1]:52688 - HTTP/1.1 POST /addtask
INFO	2024/06/05 13:01:29 [::1]:52688 - HTTP/1.1 GET /
INFO	2024/06/05 13:01:37 [::1]:52688 - HTTP/1.1 POST /addtask
INFO	2024/06/05 13:01:37 [::1]:52688 - HTTP/1.1 GET /
INFO	2024/06/05 13:06:27 [::1]:52688 - HTTP/1.1 POST /updatetask
INFO	2024/06/05 13:06:27 [::1]:52688 - HTTP/1.1 GET /
INFO	2024/06/05 13:06:35 [::1]:52688 - HTTP/1.1 POST /addtask
INFO	2024/06/05 13:06:35 [::1]:52688 - HTTP/1.1 GET /
INFO	2024/06/05 18:07:45 Starting server on :4000
INFO	2024/06/05 18:07:57 [::1]:53755 - HTTP/1.1 GET /
INFO	2024/06/05 18:12:56 Starting server on :4000
INFO	2024/06/05 18:13:03 [::1]:53777 - HTTP/1.1 GET /
INFO	2024/06/05 18:13:10 [::1]:53777 - HTTP/1.1 POST /addtask
INFO	2024/06/05 18:13:10 [::1]:53777 - HTTP/1.1 GET /
INFO	2024/06/05 18:15:12 Starting server on :4000
INFO	2024/06/05 18:15:25 [::1]:53788 - HTTP/1.1 GET /
INFO	2024/06/05 18:15:29 [::1]:53788 - HTTP/1.1 POST /addtask
INFO	2024/06/05 18:15:29 [::1]:53788 - HTTP/1.1 GET /
INFO	2024/06/05 18:15:35 [::1]:53788 - HTTP/1.1 POST /addtask
INFO	2024/06/05 18:15:35 [::1]:53788 - HTTP/1.1 GET /
INFO	2024/06/05 18:18:51 Starting server on :4000
INFO	2024/06/05 18:19:00 [::1]:53799 - HTTP/1.1 GET /
INFO	2024/06/05 18:19:04 [::1]:53799 - HTTP/1.1 POST /addtask
INFO	2024/06/05 18:19:04 [::1]:53799 - HTTP/1.1 GET /
INFO	2024/06/05 18:19:07 [::1]:53799 - HTTP/1.1 POST /addtask
INFO	2024/06/05 18:19:07 [::1]:53799 - HTTP/1.1 GET /
INFO	2024/06/05 18:19:10 [::1]:53799 - HTTP/1.1 POST /deletetask
INFO	2024/06/05 18:19:10 [::1]:53799 - HTTP/1.1 GET /
INFO	2024/06/05 18:19:15 [::1]:53799 - HTTP/1.1 POST /updatetask
INFO	2024/06/05 18:19:15 [::1]:53799 - HTTP/1.1 GET /
INFO	2024/06/05 18:19:20 [::1]:53799 - HTTP/1.1 POST /updatetask
INFO	2024/06/05 18:19:20 [::1]:53799 - HTTP/1.1 GET /
INFO	2024/06/06 03:44:44 [::1]:54144 - HTTP/1.1 POST /addtask
INFO	2024/06/06 03:44:44 [::1]:54144 - HTTP/1.1 GET /
INFO	2024/06/06 03:44:44 [::1]:54144 - HTTP/1.1 GET /static/main.css
INFO	2024/06/06 03:46:34 [::1]:54144 - HTTP/1.1 POST /deletetask
INFO	2024/06/06 03:46:34 [::1]:54144 - HTTP/1.1 GET /
INFO	2024/06/06 03:56:47 Starting server on :4000
INFO	2024/06/06 03:56:55 [::1]:54277 - HTTP/1.1 GET /
INFO	2024/06/06 03:56:58 [::1]:54277 - HTTP/1.1 POST /addtask
INFO	2024/06/06 03:56:58 [::1]:54277 - HTTP/1.1 GET /
INFO	2024/06/06 03:57:40 Starting server on :4000
INFO	2024/06/06 03:57:49 [::1]:54287 - HTTP/1.1 GET /
INFO	2024/06/06 03:57:53 [::1]:54287 - HTTP/1.1 POST /addtask
INFO	2024/06/06 03:57:53 [::1]:54287 - HTTP/1.1 GET /
INFO	2024/06/06 03:58:12 Starting server on :4000
INFO	2024/06/06 03:58:26 [::1]:54299 - HTTP/1.1 GET /
INFO	2024/06/06 03:58:29 [::1]:54299 - HTTP/1.1 POST /addtask
INFO	2024/06/06 03:58:29 [::1]:54299 - HTTP/1.1 GET /
INFO	2024/06/06 03:59:10 [::1]:54299 - HTTP/1.1 POST /addtask
INFO	2024/06/06 03:59:10 [::1]:54299 - HTTP/1.1 GET /
INFO	2024/06/06 03:59:20 [::1]:54299 - HTTP/1.1 POST /addtask
INFO	2024/06/06 03:59:20 [::1]:54299 - HTTP/1.1 GET /
INFO	2024/06/06 03:59:26 [::1]:54299 - HTTP/1.1 POST /deletetask
INFO	2024/06/06 03:59:26 [::1]:54299 - HTTP/1.1 GET /
INFO	2024/06/06 03:59:27 [::1]:54299 - HTTP/1.1 POST /deletetask
INFO	2024/06/06 03:59:27 [::1]:54299 - HTTP/1.1 GET /
INFO	2024/06/06 03:59:28 [::1]:54299 - HTTP/1.1 POST /deletetask
INFO	2024/06/06 03:59:28 [::1]:54299 - HTTP/1.1 GET /
INFO	2024/06/06 03:59:51 [::1]:54299 - HTTP/1.1 POST /addtask
INFO	2024/06/06 03:59:51 [::1]:54299 - HTTP/1.1 GET /
INFO	2024/06/06 04:03:17 Starting server on :4000
INFO	2024/06/06 04:04:06 [::1]:54328 - HTTP/1.1 GET /
INFO	2024/06/06 04:04:12 [::1]:54328 - HTTP/1.1 POST /addtask
INFO	2024/06/06 04:04:12 [::1]:54328 - HTTP/1.1 GET /
INFO	2024/06/06 04:04:22 [::1]:54328 - HTTP/1.1 POST /addtask
INFO	2024/06/06 04:04:22 [::1]:54328 - HTTP/1.1 GET /
INFO	2024/06/06 04:40:02 [::1]:54462 - HTTP/1.1 POST /addtask
INFO	2024/06/06 04:40:02 [::1]:54462 - HTTP/1.1 GET /
INFO	2024/06/06 04:40:06 [::1]:54462 - HTTP/1.1 GET /
INFO	2024/06/06 04:40:14 [::1]:54462 - HTTP/1.1 POST /deletetask
INFO	2024/06/06 04:40:14 [::1]:54462 - HTTP/1.1 GET /
INFO	2024/06/06 04:40:23 [::1]:54462 - HTTP/1.1 POST /updatetask
INFO	2024/06/06 04:40:23 [::1]:54462 - HTTP/1.1 GET /
INFO	2024/06/06 04:55:34 [::1]:54519 - HTTP/1.1 GET /
INFO	2024/06/06 05:01:48 Starting server on :4000
INFO	2024/06/06 05:01:58 [::1]:54710 - HTTP/1.1 GET /
INFO	2024/06/06 05:04:44 [::1]:54710 - HTTP/1.1 GET /
INFO	2024/06/06 05:04:51 [::1]:54710 - HTTP/1.1 POST /addtask
INFO	2024/06/06 05:04:51 [::1]:54710 - HTTP/1.1 GET /
INFO	2024/06/06 05:05:42 [::1]:54710 - HTTP/1.1 POST /deletetask
INFO	2024/06/06 05:05:42 [::1]:54710 - HTTP/1.1 GET /
INFO	2024/06/06 05:41:46 [::1]:55858 - HTTP/1.1 GET /
INFO	2024/06/06 05:41:51 [::1]:55858 - HTTP/1.1 POST /addtask
INFO	2024/06/06 05:41:51 [::1]:55858 - HTTP/1.1 GET /
INFO	2024/06/06 05:42:31 Starting server on :4000
INFO	2024/06/06 05:42:39 [::1]:55867 - HTTP/1.1 GET /
INFO	2024/06/06 05:42:42 [::1]:55867 - HTTP/1.1 POST /addtask
INFO	2024/06/06 05:42:42 [::1]:55867 - HTTP/1.1 GET /
INFO	2024/06/06 05:46:19 Starting server on :4000
INFO	2024/06/06 05:46:28 [::1]:55999 - HTTP/1.1 GET /
INFO	2024/06/06 05:46:34 [::1]:55999 - HTTP/1.1 POST /addtask
INFO	2024/06/06 05:46:34 [::1]:55999 - HTTP/1.1 GET /
INFO	2024/06/06 05:48:07 [::1]:55999 - HTTP/1.1 GET /
INFO	2024/06/06 05:48:44 Starting server on :4000
INFO	2024/06/06 05:49:05 [::1]:56077 - HTTP/1.1 GET /
INFO	2024/06/06 05:49:05 [::1]:56077 - HTTP/1.1 GET /static/main.css
INFO	2024/06/06 05:49:08 [::1]:56077 - HTTP/1.1 POST /addtask
INFO	2024/06/06 05:49:08 [::1]:56077 - HTTP/1.1 GET /
INFO	2024/06/06 05:49:08 [::1]:56077 - HTTP/1.1 GET /static/main.css
INFO	2024/06/06 06:54:50 [::1]:56484 - HTTP/1.1 GET /
INFO	2024/06/06 06:54:50 [::1]:56484 - HTTP/1.1 GET /static/main.css
INFO	2024/06/06 06:54:58 [::1]:56484 - HTTP/1.1 POST /addtask
INFO	2024/06/06 06:54:58 [::1]:56484 - HTTP/1.1 GET /
INFO	2024/06/06 06:55:45 [::1]:56484 - HTTP/1.1 POST /addtask
INFO	2024/06/06 06:55:45 [::1]:56484 - HTTP/1.1 GET /
INFO	2024/06/06 07:00:36 [::1]:56484 - HTTP/1.1 POST /addtask
INFO	2024/06/06 07:00:36 [::1]:56484 - HTTP/1.1 GET /
INFO	2024/06/06 07:00:39 [::1]:56484 - HTTP/1.1 POST /addtask
INFO	2024/06/06 07:00:39 [::1]:56484 - HTTP/1.1 GET /
INFO	2024/06/06 07:00:41 [::1]:56484 - HTTP/1.1 POST /deletetask
INFO	2024/06/06 07:00:41 [::1]:56484 - HTTP/1.1 GET /
INFO	2024/06/06 07:00:45 [::1]:56484 - HTTP/1.1 POST /updatetask
INFO	2024/06/06 07:00:45 [::1]:56484 - HTTP/1.1 GET /
INFO	2024/06/06 07:00:48 [::1]:56484 - HTTP/1.1 POST /updatetask
INFO	2024/06/06 07:00:48 [::1]:56484 - HTTP/1.1 GET /
INFO	2024/06/06 07:13:28 Starting server on :4000
INFO	2024/06/06 07:13:57 Starting server on :4000
INFO	2024/06/06 07:14:06 [::1]:56684 - HTTP/1.1 GET /
INFO	2024/06/06 07:14:06 [::1]:56684 - HTTP/1.1 GET /static/main.css
INFO	2024/06/06 07:14:08 [::1]:56684 - HTTP/1.1 GET /user/signup
INFO	2024/06/06 07:15:02 [::1]:56684 - HTTP/1.1 POST /addtask
INFO	2024/06/06 07:15:02 [::1]:56684 - HTTP/1.1 GET /
INFO	2024/06/06 07:23:01 [::1]:56749 - HTTP/1.1 GET /user/signup
INFO	2024/06/06 07:23:05 [::1]:56749 - HTTP/1.1 POST /user/logout
INFO	2024/06/06 07:23:53 [::1]:56749 - HTTP/1.1 GET /user/signup
INFO	2024/06/06 07:25:28 [::1]:56749 - HTTP/1.1 GET /
INFO	2024/06/06 07:25:28 [::1]:56749 - HTTP/1.1 GET /static/main.css
INFO	2024/06/06 09:56:39 Starting server on :4000
INFO	2024/06/06 09:56:49 [::1]:57633 - HTTP/1.1 GET /
INFO	2024/06/06 09:56:49 [::1]:57633 - HTTP/1.1 GET /static/main.css
INFO	2024/06/06 09:56:51 [::1]:57633 - HTTP/1.1 GET /user/signup
INFO	2024/06/06 09:57:56 Starting server on :4000
INFO	2024/06/06 09:58:12 [::1]:57647 - HTTP/1.1 GET /
INFO	2024/06/06 09:58:15 [::1]:57647 - HTTP/1.1 GET /user/signup
INFO	2024/06/06 09:58:35 [::1]:57647 - HTTP/1.1 GET /user/signup
INFO	2024/06/06 10:00:46 Starting server on :4000
INFO	2024/06/06 10:01:34 [::1]:57756 - HTTP/1.1 GET /
INFO	2024/06/06 10:01:34 [::1]:57756 - HTTP/1.1 GET /static/main.css
INFO	2024/06/06 10:01:40 [::1]:57756 - HTTP/1.1 GET /user/signup
INFO	2024/06/06 10:08:47 Starting server on :4000
INFO	2024/06/06 10:08:54 [::1]:58007 - HTTP/1.1 GET /user/signup
INFO	2024/06/06 10:08:55 [::1]:58007 - HTTP/1.1 GET /user/signup
INFO	2024/06/06 10:08:58 [::1]:58007 - HTTP/1.1 GET /
INFO	2024/06/06 10:08:58 [::1]:58007 - HTTP/1.1 GET /static/main.css
INFO	2024/06/06 10:09:00 [::1]:58007 - HTTP/1.1 GET /user/signup
INFO	2024/06/06 10:09:07 [::1]:58007 - HTTP/1.1 GET /
INFO	2024/06/06 10:09:07 [::1]:58007 - HTTP/1.1 GET /static/main.css
INFO	2024/06/06 10:09:18 [::1]:58007 - HTTP/1.1 GET /user/signup
INFO	2024/06/06 10:12:53 Starting server on :4000
INFO	2024/06/06 10:12:59 [::1]:58143 - HTTP/1.1 GET /user/signup
INFO	2024/06/06 10:12:59 [::1]:58143 - HTTP/1.1 GET /static/main.css
INFO	2024/06/06 10:13:04 [::1]:58143 - HTTP/1.1 GET /
INFO	2024/06/06 10:13:04 [::1]:58143 - HTTP/1.1 GET /static/main.css
INFO	2024/06/06 10:13:06 [::1]:58143 - HTTP/1.1 GET /user/signup
INFO	2024/06/06 10:13:06 [::1]:58143 - HTTP/1.1 GET /static/main.css
INFO	2024/06/06 10:13:55 [::1]:58143 - HTTP/1.1 GET /
INFO	2024/06/06 10:13:55 [::1]:58143 - HTTP/1.1 GET /static/main.css
INFO	2024/06/06 10:13:57 [::1]:58143 - HTTP/1.1 GET /user/signup
INFO	2024/06/06 10:51:56 Starting server on :4000
INFO	2024/06/06 10:52:08 [::1]:58320 - HTTP/1.1 GET /
INFO	2024/06/06 10:52:08 [::1]:58320 - HTTP/1.1 GET /static/main.css
INFO	2024/06/06 10:52:11 [::1]:58320 - HTTP/1.1 GET /user/signup
INFO	2024/06/06 10:52:28 [::1]:58320 - HTTP/1.1 POST /user/signup
INFO	2024/06/06 10:53:37 Starting server on :4000
INFO	2024/06/06 10:53:47 [::1]:58333 - HTTP/1.1 GET /
INFO	2024/06/06 10:53:53 [::1]:58333 - HTTP/1.1 GET /user/signup
INFO	2024/06/06 10:54:19 [::1]:58333 - HTTP/1.1 POST /user/signup
INFO	2024/06/06 10:54:19 [::1]:58333 - HTTP/1.1 GET /
INFO	2024/06/06 10:54:51 [::1]:58333 - HTTP/1.1 GET /user/signup
INFO	2024/06/06 10:55:06 [::1]:58333 - HTTP/1.1 POST /user/signup
INFO	2024/06/06 10:55:06 [::1]:58333 - HTTP/1.1 GET /
INFO	2024/06/06 10:55:50 [::1]:58333 - HTTP/1.1 GET /user/login
INFO	2024/06/06 10:55:54 [::1]:58333 - HTTP/1.1 GET /user/signup
INFO	2024/06/06 10:57:45 [::1]:58333 - HTTP/1.1 POST /user/signup
INFO	2024/06/06 10:57:45 [::1]:58333 - HTTP/1.1 GET /
INFO	2024/06/06 10:57:45 [::1]:58333 - HTTP/1.1 GET /static/main.css
INFO	2024/06/06 11:18:31 Starting server on :4000
INFO	2024/06/06 11:18:50 [::1]:58440 - HTTP/1.1 GET /user/login
INFO	2024/06/06 11:18:50 [::1]:58440 - HTTP/1.1 GET /static/main.css
INFO	2024/06/06 11:35:00 Starting server on :4000
INFO	2024/06/06 11:36:04 Starting server on :4000
INFO	2024/06/06 11:36:18 [::1]:58499 - HTTP/1.1 GET /
INFO	2024/06/06 11:36:18 [::1]:58499 - HTTP/1.1 GET /static/main.css
INFO	2024/06/06 11:36:21 [::1]:58499 - HTTP/1.1 GET /user/login
INFO	2024/06/06 11:36:59 [::1]:58499 - HTTP/1.1 GET /user/login?name=naseem&password=1234565
INFO	2024/06/06 11:38:33 Starting server on :4000
INFO	2024/06/06 11:38:47 [::1]:58514 - HTTP/1.1 GET /
INFO	2024/06/06 11:38:50 [::1]:58514 - HTTP/1.1 GET /user/login
INFO	2024/06/06 11:39:14 [::1]:58514 - HTTP/1.1 POST /user/login
INFO	2024/06/06 11:39:14 [::1]:58514 - HTTP/1.1 GET /user/login
INFO	2024/06/06 11:40:48 Starting server on :4000
INFO	2024/06/06 11:40:57 [::1]:58525 - HTTP/1.1 GET /user/login
INFO	2024/06/06 11:41:00 [::1]:58525 - HTTP/1.1 GET /
INFO	2024/06/06 11:41:02 [::1]:58525 - HTTP/1.1 GET /user/login
INFO	2024/06/06 11:41:06 [::1]:58525 - HTTP/1.1 POST /user/login
INFO	2024/06/06 11:41:06 [::1]:58525 - HTTP/1.1 GET /user/login
INFO	2024/06/06 11:41:15 [::1]:58525 - HTTP/1.1 POST /user/login
INFO	2024/06/06 11:41:15 [::1]:58525 - HTTP/1.1 GET /user/login
INFO	2024/06/06 11:41:33 [::1]:58525 - HTTP/1.1 POST /user/login
INFO	2024/06/06 11:41:33 [::1]:58525 - HTTP/1.1 GET /user/login
INFO	2024/06/06 11:44:01 Starting server on :4000
INFO	2024/06/06 11:44:18 [::1]:58549 - HTTP/1.1 GET /
INFO	2024/06/06 11:44:20 [::1]:58549 - HTTP/1.1 GET /user/login
INFO	2024/06/06 11:44:34 [::1]:58549 - HTTP/1.1 POST /user/login
INFO	2024/06/06 11:44:34 [::1]:58549 - HTTP/1.1 GET /
INFO	2024/06/06 11:52:06 [::1]:58577 - HTTP/1.1 GET /user/login
INFO	2024/06/06 11:52:06 [::1]:58577 - HTTP/1.1 GET /static/main.css
INFO	2024/06/06 11:52:11 [::1]:58577 - HTTP/1.1 POST /user/login
INFO	2024/06/06 11:52:11 [::1]:58577 - HTTP/1.1 GET /user/login
INFO	2024/06/06 11:53:27 Starting server on :4000
INFO	2024/06/06 11:53:41 [::1]:58590 - HTTP/1.1 GET /user/login
INFO	2024/06/06 11:53:49 [::1]:58590 - HTTP/1.1 POST /user/login
INFO	2024/06/06 11:53:49 [::1]:58590 - HTTP/1.1 GET /user/login
INFO	2024/06/06 12:06:47 Starting server on :4000
INFO	2024/06/06 12:06:54 [::1]:58647 - HTTP/1.1 GET /user/login
INFO	2024/06/06 12:06:54 [::1]:58647 - HTTP/1.1 GET /static/main.css
INFO	2024/06/06 12:07:04 [::1]:58647 - HTTP/1.1 POST /user/login
INFO	2024/06/06 12:07:04 [::1]:58647 - HTTP/1.1 GET /user/login
INFO	2024/06/06 12:07:19 [::1]:58647 - HTTP/1.1 POST /user/login
INFO	2024/06/06 12:07:19 [::1]:58647 - HTTP/1.1 GET /
INFO	2024/06/06 12:07:24 [::1]:58647 - HTTP/1.1 POST /addtask
INFO	2024/06/06 12:07:24 [::1]:58647 - HTTP/1.1 GET /
INFO	2024/06/06 12:07:42 [::1]:58647 - HTTP/1.1 GET /user/login
INFO	2024/06/06 12:07:55 [::1]:58647 - HTTP/1.1 POST /user/login
INFO	2024/06/06 12:07:55 [::1]:58647 - HTTP/1.1 GET /user/login
INFO	2024/06/06 12:19:19 Starting server on :4000
INFO	2024/06/06 12:19:29 [::1]:58764 - HTTP/1.1 GET /
INFO	2024/06/06 12:19:29 [::1]:58764 - HTTP/1.1 GET /static/main.css
INFO	2024/06/06 12:19:33 [::1]:58764 - HTTP/1.1 POST /user/logout
INFO	2024/06/06 12:19:33 [::1]:58764 - HTTP/1.1 GET /user/login
INFO	2024/06/06 12:19:39 [::1]:58764 - HTTP/1.1 GET /
INFO	2024/06/06 12:19:44 [::1]:58764 - HTTP/1.1 GET /user/signup
INFO	2024/06/06 12:19:51 [::1]:58764 - HTTP/1.1 GET /user/login
INFO	2024/06/06 12:21:57 [::1]:58764 - HTTP/1.1 GET /user/login
INFO	2024/06/06 12:22:03 [::1]:58764 - HTTP/1.1 POST /user/login
INFO	2024/06/06 12:22:03 [::1]:58764 - HTTP/1.1 GET /user/login
INFO	2024/06/06 12:38:21 [::1]:59072 - HTTP/1.1 GET /
INFO	2024/06/06 12:38:21 [::1]:59072 - HTTP/1.1 GET /static/main.css
INFO	2024/06/06 12:38:24 [::1]:59072 - HTTP/1.1 GET /user/signup
INFO	2024/06/06 12:38:36 [::1]:59072 - HTTP/1.1 POST /user/signup
INFO	2024/06/06 12:38:36 [::1]:59072 - HTTP/1.1 GET /
INFO	2024/06/06 12:38:39 [::1]:59072 - HTTP/1.1 GET /user/login
INFO	2024/06/06 12:39:01 [::1]:59072 - HTTP/1.1 POST /user/login
INFO	2024/06/06 12:39:01 [::1]:59072 - HTTP/1.1 GET /
INFO	2024/06/06 12:39:21 [::1]:59072 - HTTP/1.1 POST /user/logout
INFO	2024/06/06 12:39:21 [::1]:59072 - HTTP/1.1 GET /user/login
INFO	2024/06/06 12:39:31 [::1]:59072 - HTTP/1.1 POST /user/login
INFO	2024/06/06 12:39:31 [::1]:59072 - HTTP/1.1 GET /user/login
INFO	2024/06/06 12:39:41 [::1]:59072 - HTTP/1.1 POST /user/login
INFO	2024/06/06 12:39:41 [::1]:59072 - HTTP/1.1 GET /
INFO	2024/06/06 12:55:06 [::1]:59125 - HTTP/1.1 GET /user/signup
INFO	2024/06/06 12:55:06 [::1]:59125 - HTTP/1.1 GET /static/main.css
INFO	2024/06/06 12:56:24 Starting server on :4000
INFO	2024/06/06 12:56:38 [::1]:59150 - HTTP/1.1 GET /
INFO	2024/06/06 12:56:41 [::1]:59150 - HTTP/1.1 GET /user/signup
INFO	2024/06/06 12:57:15 Starting server on :4000
INFO	2024/06/06 12:58:12 [::1]:59157 - HTTP/1.1 GET /
INFO	2024/06/06 12:58:16 [::1]:59157 - HTTP/1.1 GET /user/signup
INFO	2024/06/06 12:58:40 Starting server on :4000
INFO	2024/06/06 12:58:52 [::1]:59166 - HTTP/1.1 GET /user/signup
INFO	2024/06/06 12:58:54 [::1]:59166 - HTTP/1.1 GET /user/login
INFO	2024/06/06 13:02:50 Starting server on :4000
INFO	2024/06/06 13:03:03 [::1]:59267 - HTTP/1.1 GET /
INFO	2024/06/06 13:03:05 [::1]:59267 - HTTP/1.1 GET /user/signup
INFO	2024/06/06 13:03:07 [::1]:59267 - HTTP/1.1 GET /user/login
INFO	2024/06/06 13:08:33 [::1]:59323 - HTTP/1.1 POST /user/login
INFO	2024/06/06 13:08:33 [::1]:59323 - HTTP/1.1 GET /user/login
